<?xml version="1.0" encoding="UTF-8"?>
<testng-results ignored="0" total="2" passed="2" failed="0" skipped="0">
  <reporter-output>
  </reporter-output>
  <suite started-at="2022-07-26T18:37:31 IST" name="AmazonAutomation" finished-at="2022-07-26T18:37:59 IST" duration-ms="27653">
    <groups>
    </groups>
    <test started-at="2022-07-26T18:37:31 IST" name="Chrome Test" finished-at="2022-07-26T18:37:42 IST" duration-ms="10734">
      <class name="com.testcases.Testcase">
        <test-method is-config="true" signature="setup(java.lang.String)[pri:0, instance:com.testcases.Testcase@298a5e20]" started-at="2022-07-26T18:37:32 IST" name="setup" finished-at="2022-07-26T18:37:35 IST" duration-ms="3692" status="PASS">
          <params>
            <param index="0">
              <value>
                <![CDATA[chrome]]>
              </value>
            </param>
          </params>
          <reporter-output>
          </reporter-output>
        </test-method> <!-- setup -->
        <test-method signature="login()[pri:0, instance:com.testcases.Testcase@298a5e20]" started-at="2022-07-26T18:37:35 IST" name="login" finished-at="2022-07-26T18:37:37 IST" duration-ms="1363" status="PASS">
          <reporter-output>
          </reporter-output>
        </test-method> <!-- login -->
        <test-method is-config="true" signature="tearDown()[pri:0, instance:com.testcases.Testcase@298a5e20]" started-at="2022-07-26T18:37:37 IST" name="tearDown" finished-at="2022-07-26T18:37:42 IST" duration-ms="5325" status="PASS">
          <reporter-output>
          </reporter-output>
        </test-method> <!-- tearDown -->
      </class> <!-- com.testcases.Testcase -->
    </test> <!-- Chrome Test -->
    <test started-at="2022-07-26T18:37:43 IST" name="Firefox test" finished-at="2022-07-26T18:37:59 IST" duration-ms="16454">
      <class name="com.testcases.Testcase">
        <test-method is-config="true" signature="setup(java.lang.String)[pri:0, instance:com.testcases.Testcase@3a7442c7]" started-at="2022-07-26T18:37:43 IST" name="setup" finished-at="2022-07-26T18:37:49 IST" duration-ms="6679" status="PASS">
          <params>
            <param index="0">
              <value>
                <![CDATA[firefox]]>
              </value>
            </param>
          </params>
          <reporter-output>
          </reporter-output>
        </test-method> <!-- setup -->
        <test-method signature="login()[pri:0, instance:com.testcases.Testcase@3a7442c7]" started-at="2022-07-26T18:37:49 IST" name="login" finished-at="2022-07-26T18:37:53 IST" duration-ms="3820" status="PASS">
          <reporter-output>
          </reporter-output>
        </test-method> <!-- login -->
        <test-method is-config="true" signature="tearDown()[pri:0, instance:com.testcases.Testcase@3a7442c7]" started-at="2022-07-26T18:37:53 IST" name="tearDown" finished-at="2022-07-26T18:37:59 IST" duration-ms="5936" status="PASS">
          <reporter-output>
          </reporter-output>
        </test-method> <!-- tearDown -->
      </class> <!-- com.testcases.Testcase -->
    </test> <!-- Firefox test -->
  </suite> <!-- AmazonAutomation -->
</testng-results>
